2021-01-02 11:45:14.650  INFO 14436 --- [restartedMain] o.m.m.g.MvcSpringAjaxApplication         : Starting MvcSpringAjaxApplication on DESKTOP-DCD5LMF with PID 14436 (E:\dev_maia\workspace_java\mvc-spring-ajax-ofertas\target\classes started by dowgl in E:\dev_maia\workspace_java\mvc-spring-ajax-ofertas)
2021-01-02 11:45:14.655  INFO 14436 --- [restartedMain] o.m.m.g.MvcSpringAjaxApplication         : The following profiles are active: dev
2021-01-02 11:45:14.837  INFO 14436 --- [restartedMain] .e.DevToolsPropertyDefaultsPostProcessor : Devtools property defaults active! Set 'spring.devtools.add-properties' to 'false' to disable
2021-01-02 11:45:14.837  INFO 14436 --- [restartedMain] .e.DevToolsPropertyDefaultsPostProcessor : For additional web related logging consider setting the 'logging.level.web' property to 'DEBUG'
2021-01-02 11:45:15.469  INFO 14436 --- [restartedMain] .s.d.r.c.RepositoryConfigurationDelegate : Bootstrapping Spring Data JPA repositories in DEFAULT mode.
2021-01-02 11:45:15.538  INFO 14436 --- [restartedMain] .s.d.r.c.RepositoryConfigurationDelegate : Finished Spring Data repository scanning in 60ms. Found 2 JPA repository interfaces.
2021-01-02 11:45:16.162  INFO 14436 --- [restartedMain] o.s.b.w.embedded.tomcat.TomcatWebServer  : Tomcat initialized with port(s): 8085 (http)
2021-01-02 11:45:16.191  INFO 14436 --- [restartedMain] o.apache.catalina.core.StandardService   : Starting service [Tomcat]
2021-01-02 11:45:16.192  INFO 14436 --- [restartedMain] org.apache.catalina.core.StandardEngine  : Starting Servlet engine: [Apache Tomcat/9.0.37]
2021-01-02 11:45:16.321  INFO 14436 --- [restartedMain] o.a.c.c.C.[Tomcat].[localhost].[/]       : Initializing Spring embedded WebApplicationContext
2021-01-02 11:45:16.321  INFO 14436 --- [restartedMain] o.s.web.context.ContextLoader            : Root WebApplicationContext: initialization completed in 1484 ms
2021-01-02 11:45:16.475  INFO 14436 --- [restartedMain] com.zaxxer.hikari.HikariDataSource       : HikariPool-1 - Starting...
2021-01-02 11:45:16.857  INFO 14436 --- [restartedMain] com.zaxxer.hikari.HikariDataSource       : HikariPool-1 - Start completed.
2021-01-02 11:45:16.902  INFO 14436 --- [restartedMain] o.hibernate.jpa.internal.util.LogHelper  : HHH000204: Processing PersistenceUnitInfo [
	name: default
	...]
2021-01-02 11:45:16.966  INFO 14436 --- [restartedMain] org.hibernate.Version                    : HHH000412: Hibernate Core {5.3.17.Final}
2021-01-02 11:45:16.968  INFO 14436 --- [restartedMain] org.hibernate.cfg.Environment            : HHH000206: hibernate.properties not found
2021-01-02 11:45:17.128  INFO 14436 --- [restartedMain] o.hibernate.annotations.common.Version   : HCANN000001: Hibernate Commons Annotations {5.0.4.Final}
2021-01-02 11:45:17.255  INFO 14436 --- [restartedMain] org.hibernate.dialect.Dialect            : HHH000400: Using dialect: org.hibernate.dialect.MySQL5Dialect
2021-01-02 11:45:17.834  INFO 14436 --- [restartedMain] j.LocalContainerEntityManagerFactoryBean : Initialized JPA EntityManagerFactory for persistence unit 'default'
2021-01-02 11:45:18.201  INFO 14436 --- [restartedMain] o.s.s.concurrent.ThreadPoolTaskExecutor  : Initializing ExecutorService 'applicationTaskExecutor'
2021-01-02 11:45:18.635  INFO 14436 --- [restartedMain] o.s.b.d.a.OptionalLiveReloadServer       : LiveReload server is running on port 35729
2021-01-02 11:45:18.699  INFO 14436 --- [restartedMain] o.s.b.w.embedded.tomcat.TomcatWebServer  : Tomcat started on port(s): 8085 (http) with context path ''
2021-01-02 11:45:18.701  INFO 14436 --- [restartedMain] o.m.m.g.MvcSpringAjaxApplication         : Started MvcSpringAjaxApplication in 4.379 seconds (JVM running for 5.598)
2021-01-02 11:48:32.589  INFO 14436 --- [http-nio-8085-exec-1] o.a.c.c.C.[Tomcat].[localhost].[/]       : Initializing Spring DispatcherServlet 'dispatcherServlet'
2021-01-02 11:48:32.589  INFO 14436 --- [http-nio-8085-exec-1] o.s.web.servlet.DispatcherServlet        : Initializing Servlet 'dispatcherServlet'
2021-01-02 11:48:32.598  INFO 14436 --- [http-nio-8085-exec-1] o.s.web.servlet.DispatcherServlet        : Completed initialization in 8 ms
2021-01-02 11:48:32.700  INFO 14436 --- [http-nio-8085-exec-2] o.h.h.i.QueryTranslatorFactoryInitiator  : HHH000397: Using ASTQueryTranslatorFactory
2021-01-02 12:12:34.023  INFO 14436 --- [Thread-5] o.s.s.concurrent.ThreadPoolTaskExecutor  : Shutting down ExecutorService 'applicationTaskExecutor'
2021-01-02 12:12:34.024  INFO 14436 --- [Thread-5] j.LocalContainerEntityManagerFactoryBean : Closing JPA EntityManagerFactory for persistence unit 'default'
2021-01-02 12:12:34.035  INFO 14436 --- [Thread-5] com.zaxxer.hikari.HikariDataSource       : HikariPool-1 - Shutdown initiated...
2021-01-02 12:12:34.054  INFO 14436 --- [Thread-5] com.zaxxer.hikari.HikariDataSource       : HikariPool-1 - Shutdown completed.
2021-01-02 12:12:34.339  INFO 14436 --- [restartedMain] o.m.m.g.MvcSpringAjaxApplication         : Starting MvcSpringAjaxApplication on DESKTOP-DCD5LMF with PID 14436 (E:\dev_maia\workspace_java\mvc-spring-ajax-ofertas\target\classes started by dowgl in E:\dev_maia\workspace_java\mvc-spring-ajax-ofertas)
2021-01-02 12:12:34.340  INFO 14436 --- [restartedMain] o.m.m.g.MvcSpringAjaxApplication         : The following profiles are active: dev
2021-01-02 12:12:34.615  INFO 14436 --- [restartedMain] .s.d.r.c.RepositoryConfigurationDelegate : Bootstrapping Spring Data JPA repositories in DEFAULT mode.
2021-01-02 12:12:34.640  INFO 14436 --- [restartedMain] .s.d.r.c.RepositoryConfigurationDelegate : Finished Spring Data repository scanning in 25ms. Found 2 JPA repository interfaces.
2021-01-02 12:12:34.794  INFO 14436 --- [restartedMain] o.s.b.w.embedded.tomcat.TomcatWebServer  : Tomcat initialized with port(s): 8085 (http)
2021-01-02 12:12:34.796  INFO 14436 --- [restartedMain] o.apache.catalina.core.StandardService   : Starting service [Tomcat]
2021-01-02 12:12:34.796  INFO 14436 --- [restartedMain] org.apache.catalina.core.StandardEngine  : Starting Servlet engine: [Apache Tomcat/9.0.37]
2021-01-02 12:12:34.835  INFO 14436 --- [restartedMain] o.a.c.c.C.[Tomcat].[localhost].[/]       : Initializing Spring embedded WebApplicationContext
2021-01-02 12:12:34.836  INFO 14436 --- [restartedMain] o.s.web.context.ContextLoader            : Root WebApplicationContext: initialization completed in 495 ms
2021-01-02 12:12:34.890  INFO 14436 --- [restartedMain] com.zaxxer.hikari.HikariDataSource       : HikariPool-2 - Starting...
2021-01-02 12:12:34.911  INFO 14436 --- [restartedMain] com.zaxxer.hikari.HikariDataSource       : HikariPool-2 - Start completed.
2021-01-02 12:12:34.918  INFO 14436 --- [restartedMain] o.hibernate.jpa.internal.util.LogHelper  : HHH000204: Processing PersistenceUnitInfo [
	name: default
	...]
2021-01-02 12:12:34.933  INFO 14436 --- [restartedMain] org.hibernate.dialect.Dialect            : HHH000400: Using dialect: org.hibernate.dialect.MySQL5Dialect
2021-01-02 12:12:34.998  INFO 14436 --- [restartedMain] j.LocalContainerEntityManagerFactoryBean : Initialized JPA EntityManagerFactory for persistence unit 'default'
2021-01-02 12:12:35.124  INFO 14436 --- [restartedMain] o.s.s.concurrent.ThreadPoolTaskExecutor  : Initializing ExecutorService 'applicationTaskExecutor'
2021-01-02 12:12:35.241  INFO 14436 --- [restartedMain] o.s.b.d.a.OptionalLiveReloadServer       : LiveReload server is running on port 35729
2021-01-02 12:12:35.269  INFO 14436 --- [restartedMain] o.s.b.w.embedded.tomcat.TomcatWebServer  : Tomcat started on port(s): 8085 (http) with context path ''
2021-01-02 12:12:35.270  INFO 14436 --- [restartedMain] o.m.m.g.MvcSpringAjaxApplication         : Started MvcSpringAjaxApplication in 0.96 seconds (JVM running for 1642.166)
2021-01-02 12:12:35.274  INFO 14436 --- [restartedMain] .ConditionEvaluationDeltaLoggingListener : Condition evaluation unchanged
2021-01-02 12:40:17.564  INFO 14436 --- [http-nio-8085-exec-1] o.a.c.c.C.[Tomcat].[localhost].[/]       : Initializing Spring DispatcherServlet 'dispatcherServlet'
2021-01-02 12:40:17.566  INFO 14436 --- [http-nio-8085-exec-1] o.s.web.servlet.DispatcherServlet        : Initializing Servlet 'dispatcherServlet'
2021-01-02 12:40:17.573  INFO 14436 --- [http-nio-8085-exec-1] o.s.web.servlet.DispatcherServlet        : Completed initialization in 7 ms
2021-01-02 12:40:17.582  INFO 14436 --- [http-nio-8085-exec-1] o.h.h.i.QueryTranslatorFactoryInitiator  : HHH000397: Using ASTQueryTranslatorFactory
2021-01-02 13:04:45.752  INFO 14436 --- [Thread-9] o.s.s.concurrent.ThreadPoolTaskExecutor  : Shutting down ExecutorService 'applicationTaskExecutor'
2021-01-02 13:04:45.753  INFO 14436 --- [Thread-9] j.LocalContainerEntityManagerFactoryBean : Closing JPA EntityManagerFactory for persistence unit 'default'
2021-01-02 13:04:45.754  INFO 14436 --- [Thread-9] com.zaxxer.hikari.HikariDataSource       : HikariPool-2 - Shutdown initiated...
2021-01-02 13:04:45.761  INFO 14436 --- [Thread-9] com.zaxxer.hikari.HikariDataSource       : HikariPool-2 - Shutdown completed.
2021-01-02 13:04:46.015  INFO 14436 --- [restartedMain] o.m.m.g.MvcSpringAjaxApplication         : Starting MvcSpringAjaxApplication on DESKTOP-DCD5LMF with PID 14436 (E:\dev_maia\workspace_java\mvc-spring-ajax-ofertas\target\classes started by dowgl in E:\dev_maia\workspace_java\mvc-spring-ajax-ofertas)
2021-01-02 13:04:46.015  INFO 14436 --- [restartedMain] o.m.m.g.MvcSpringAjaxApplication         : The following profiles are active: dev
2021-01-02 13:04:46.228  INFO 14436 --- [restartedMain] .s.d.r.c.RepositoryConfigurationDelegate : Bootstrapping Spring Data JPA repositories in DEFAULT mode.
2021-01-02 13:04:46.241  INFO 14436 --- [restartedMain] .s.d.r.c.RepositoryConfigurationDelegate : Finished Spring Data repository scanning in 13ms. Found 2 JPA repository interfaces.
2021-01-02 13:04:46.345  INFO 14436 --- [restartedMain] o.s.b.w.embedded.tomcat.TomcatWebServer  : Tomcat initialized with port(s): 8085 (http)
2021-01-02 13:04:46.346  INFO 14436 --- [restartedMain] o.apache.catalina.core.StandardService   : Starting service [Tomcat]
2021-01-02 13:04:46.346  INFO 14436 --- [restartedMain] org.apache.catalina.core.StandardEngine  : Starting Servlet engine: [Apache Tomcat/9.0.37]
2021-01-02 13:04:46.373  INFO 14436 --- [restartedMain] o.a.c.c.C.[Tomcat].[localhost].[/]       : Initializing Spring embedded WebApplicationContext
2021-01-02 13:04:46.373  INFO 14436 --- [restartedMain] o.s.web.context.ContextLoader            : Root WebApplicationContext: initialization completed in 357 ms
2021-01-02 13:04:46.413  INFO 14436 --- [restartedMain] com.zaxxer.hikari.HikariDataSource       : HikariPool-3 - Starting...
2021-01-02 13:04:46.428  INFO 14436 --- [restartedMain] com.zaxxer.hikari.HikariDataSource       : HikariPool-3 - Start completed.
2021-01-02 13:04:46.434  INFO 14436 --- [restartedMain] o.hibernate.jpa.internal.util.LogHelper  : HHH000204: Processing PersistenceUnitInfo [
	name: default
	...]
2021-01-02 13:04:46.445  INFO 14436 --- [restartedMain] org.hibernate.dialect.Dialect            : HHH000400: Using dialect: org.hibernate.dialect.MySQL5Dialect
2021-01-02 13:04:46.491  INFO 14436 --- [restartedMain] j.LocalContainerEntityManagerFactoryBean : Initialized JPA EntityManagerFactory for persistence unit 'default'
2021-01-02 13:04:46.557  INFO 14436 --- [restartedMain] o.h.h.i.QueryTranslatorFactoryInitiator  : HHH000397: Using ASTQueryTranslatorFactory
2021-01-02 13:04:46.641  INFO 14436 --- [restartedMain] o.s.s.concurrent.ThreadPoolTaskExecutor  : Initializing ExecutorService 'applicationTaskExecutor'
2021-01-02 13:04:46.709  INFO 14436 --- [restartedMain] o.s.b.d.a.OptionalLiveReloadServer       : LiveReload server is running on port 35729
2021-01-02 13:04:46.727  INFO 14436 --- [restartedMain] o.s.b.w.embedded.tomcat.TomcatWebServer  : Tomcat started on port(s): 8085 (http) with context path ''
2021-01-02 13:04:46.727  INFO 14436 --- [restartedMain] o.m.m.g.MvcSpringAjaxApplication         : Started MvcSpringAjaxApplication in 0.736 seconds (JVM running for 4773.624)
2021-01-02 13:04:46.730  INFO 14436 --- [restartedMain] .ConditionEvaluationDeltaLoggingListener : Condition evaluation unchanged
2021-01-02 13:05:16.236  INFO 14436 --- [Thread-15] o.s.s.concurrent.ThreadPoolTaskExecutor  : Shutting down ExecutorService 'applicationTaskExecutor'
2021-01-02 13:05:16.238  INFO 14436 --- [Thread-15] j.LocalContainerEntityManagerFactoryBean : Closing JPA EntityManagerFactory for persistence unit 'default'
2021-01-02 13:05:16.238  INFO 14436 --- [Thread-15] com.zaxxer.hikari.HikariDataSource       : HikariPool-3 - Shutdown initiated...
2021-01-02 13:05:16.254  INFO 14436 --- [Thread-15] com.zaxxer.hikari.HikariDataSource       : HikariPool-3 - Shutdown completed.
2021-01-02 13:05:16.575  INFO 14436 --- [restartedMain] o.m.m.g.MvcSpringAjaxApplication         : Starting MvcSpringAjaxApplication on DESKTOP-DCD5LMF with PID 14436 (E:\dev_maia\workspace_java\mvc-spring-ajax-ofertas\target\classes started by dowgl in E:\dev_maia\workspace_java\mvc-spring-ajax-ofertas)
2021-01-02 13:05:16.575  INFO 14436 --- [restartedMain] o.m.m.g.MvcSpringAjaxApplication         : The following profiles are active: dev
2021-01-02 13:05:16.820  INFO 14436 --- [restartedMain] .s.d.r.c.RepositoryConfigurationDelegate : Bootstrapping Spring Data JPA repositories in DEFAULT mode.
2021-01-02 13:05:16.836  INFO 14436 --- [restartedMain] .s.d.r.c.RepositoryConfigurationDelegate : Finished Spring Data repository scanning in 15ms. Found 2 JPA repository interfaces.
2021-01-02 13:05:16.932  INFO 14436 --- [restartedMain] o.s.b.w.embedded.tomcat.TomcatWebServer  : Tomcat initialized with port(s): 8085 (http)
2021-01-02 13:05:16.933  INFO 14436 --- [restartedMain] o.apache.catalina.core.StandardService   : Starting service [Tomcat]
2021-01-02 13:05:16.933  INFO 14436 --- [restartedMain] org.apache.catalina.core.StandardEngine  : Starting Servlet engine: [Apache Tomcat/9.0.37]
2021-01-02 13:05:16.959  INFO 14436 --- [restartedMain] o.a.c.c.C.[Tomcat].[localhost].[/]       : Initializing Spring embedded WebApplicationContext
2021-01-02 13:05:16.959  INFO 14436 --- [restartedMain] o.s.web.context.ContextLoader            : Root WebApplicationContext: initialization completed in 382 ms
2021-01-02 13:05:16.994  INFO 14436 --- [restartedMain] com.zaxxer.hikari.HikariDataSource       : HikariPool-4 - Starting...
2021-01-02 13:05:17.009  INFO 14436 --- [restartedMain] com.zaxxer.hikari.HikariDataSource       : HikariPool-4 - Start completed.
2021-01-02 13:05:17.014  INFO 14436 --- [restartedMain] o.hibernate.jpa.internal.util.LogHelper  : HHH000204: Processing PersistenceUnitInfo [
	name: default
	...]
2021-01-02 13:05:17.026  INFO 14436 --- [restartedMain] org.hibernate.dialect.Dialect            : HHH000400: Using dialect: org.hibernate.dialect.MySQL5Dialect
2021-01-02 13:05:17.075  INFO 14436 --- [restartedMain] j.LocalContainerEntityManagerFactoryBean : Initialized JPA EntityManagerFactory for persistence unit 'default'
2021-01-02 13:05:17.113  INFO 14436 --- [restartedMain] o.h.h.i.QueryTranslatorFactoryInitiator  : HHH000397: Using ASTQueryTranslatorFactory
2021-01-02 13:05:17.191  INFO 14436 --- [restartedMain] o.s.s.concurrent.ThreadPoolTaskExecutor  : Initializing ExecutorService 'applicationTaskExecutor'
2021-01-02 13:05:17.290  INFO 14436 --- [restartedMain] o.s.b.d.a.OptionalLiveReloadServer       : LiveReload server is running on port 35729
2021-01-02 13:05:17.309  INFO 14436 --- [restartedMain] o.s.b.w.embedded.tomcat.TomcatWebServer  : Tomcat started on port(s): 8085 (http) with context path ''
2021-01-02 13:05:17.310  INFO 14436 --- [restartedMain] o.m.m.g.MvcSpringAjaxApplication         : Started MvcSpringAjaxApplication in 0.767 seconds (JVM running for 4804.206)
2021-01-02 13:05:17.312  INFO 14436 --- [restartedMain] .ConditionEvaluationDeltaLoggingListener : Condition evaluation unchanged
2021-01-02 13:51:53.415  INFO 14436 --- [http-nio-8085-exec-1] o.a.c.c.C.[Tomcat].[localhost].[/]       : Initializing Spring DispatcherServlet 'dispatcherServlet'
2021-01-02 13:51:53.416  INFO 14436 --- [http-nio-8085-exec-1] o.s.web.servlet.DispatcherServlet        : Initializing Servlet 'dispatcherServlet'
2021-01-02 13:51:53.422  INFO 14436 --- [http-nio-8085-exec-1] o.s.web.servlet.DispatcherServlet        : Completed initialization in 6 ms
2021-01-02 13:56:46.681  INFO 14436 --- [Thread-21] o.s.s.concurrent.ThreadPoolTaskExecutor  : Shutting down ExecutorService 'applicationTaskExecutor'
2021-01-02 13:56:46.682  INFO 14436 --- [Thread-21] j.LocalContainerEntityManagerFactoryBean : Closing JPA EntityManagerFactory for persistence unit 'default'
2021-01-02 13:56:46.683  INFO 14436 --- [Thread-21] com.zaxxer.hikari.HikariDataSource       : HikariPool-4 - Shutdown initiated...
2021-01-02 13:56:46.690  INFO 14436 --- [Thread-21] com.zaxxer.hikari.HikariDataSource       : HikariPool-4 - Shutdown completed.
2021-01-02 13:56:46.969  INFO 14436 --- [restartedMain] o.m.m.g.MvcSpringAjaxApplication         : Starting MvcSpringAjaxApplication on DESKTOP-DCD5LMF with PID 14436 (E:\dev_maia\workspace_java\mvc-spring-ajax-ofertas\target\classes started by dowgl in E:\dev_maia\workspace_java\mvc-spring-ajax-ofertas)
2021-01-02 13:56:46.970  INFO 14436 --- [restartedMain] o.m.m.g.MvcSpringAjaxApplication         : The following profiles are active: dev
2021-01-02 13:56:47.317  INFO 14436 --- [restartedMain] .s.d.r.c.RepositoryConfigurationDelegate : Bootstrapping Spring Data JPA repositories in DEFAULT mode.
2021-01-02 13:56:47.339  INFO 14436 --- [restartedMain] .s.d.r.c.RepositoryConfigurationDelegate : Finished Spring Data repository scanning in 21ms. Found 2 JPA repository interfaces.
2021-01-02 13:56:47.507  INFO 14436 --- [restartedMain] o.s.b.w.embedded.tomcat.TomcatWebServer  : Tomcat initialized with port(s): 8085 (http)
2021-01-02 13:56:47.508  INFO 14436 --- [restartedMain] o.apache.catalina.core.StandardService   : Starting service [Tomcat]
2021-01-02 13:56:47.508  INFO 14436 --- [restartedMain] org.apache.catalina.core.StandardEngine  : Starting Servlet engine: [Apache Tomcat/9.0.37]
2021-01-02 13:56:47.546  INFO 14436 --- [restartedMain] o.a.c.c.C.[Tomcat].[localhost].[/]       : Initializing Spring embedded WebApplicationContext
2021-01-02 13:56:47.546  INFO 14436 --- [restartedMain] o.s.web.context.ContextLoader            : Root WebApplicationContext: initialization completed in 575 ms
2021-01-02 13:56:47.590  INFO 14436 --- [restartedMain] com.zaxxer.hikari.HikariDataSource       : HikariPool-5 - Starting...
2021-01-02 13:56:47.608  INFO 14436 --- [restartedMain] com.zaxxer.hikari.HikariDataSource       : HikariPool-5 - Start completed.
2021-01-02 13:56:47.614  INFO 14436 --- [restartedMain] o.hibernate.jpa.internal.util.LogHelper  : HHH000204: Processing PersistenceUnitInfo [
	name: default
	...]
2021-01-02 13:56:47.627  INFO 14436 --- [restartedMain] org.hibernate.dialect.Dialect            : HHH000400: Using dialect: org.hibernate.dialect.MySQL5Dialect
2021-01-02 13:56:47.676  INFO 14436 --- [restartedMain] j.LocalContainerEntityManagerFactoryBean : Initialized JPA EntityManagerFactory for persistence unit 'default'
2021-01-02 13:56:47.737  INFO 14436 --- [restartedMain] o.h.h.i.QueryTranslatorFactoryInitiator  : HHH000397: Using ASTQueryTranslatorFactory
2021-01-02 13:56:47.833  INFO 14436 --- [restartedMain] o.s.s.concurrent.ThreadPoolTaskExecutor  : Initializing ExecutorService 'applicationTaskExecutor'
2021-01-02 13:56:48.038  INFO 14436 --- [restartedMain] o.s.b.d.a.OptionalLiveReloadServer       : LiveReload server is running on port 35729
2021-01-02 13:56:48.075  INFO 14436 --- [restartedMain] o.s.b.w.embedded.tomcat.TomcatWebServer  : Tomcat started on port(s): 8085 (http) with context path ''
2021-01-02 13:56:48.076  INFO 14436 --- [restartedMain] o.m.m.g.MvcSpringAjaxApplication         : Started MvcSpringAjaxApplication in 1.131 seconds (JVM running for 7893.199)
2021-01-02 13:56:48.080  INFO 14436 --- [restartedMain] .ConditionEvaluationDeltaLoggingListener : Condition evaluation unchanged
2021-01-02 13:56:49.579  INFO 14436 --- [Thread-27] o.s.s.concurrent.ThreadPoolTaskExecutor  : Shutting down ExecutorService 'applicationTaskExecutor'
2021-01-02 13:56:49.597  INFO 14436 --- [Thread-27] j.LocalContainerEntityManagerFactoryBean : Closing JPA EntityManagerFactory for persistence unit 'default'
2021-01-02 13:56:49.601  INFO 14436 --- [Thread-27] com.zaxxer.hikari.HikariDataSource       : HikariPool-5 - Shutdown initiated...
2021-01-02 13:56:49.648  INFO 14436 --- [Thread-27] com.zaxxer.hikari.HikariDataSource       : HikariPool-5 - Shutdown completed.
2021-01-02 13:56:50.003  INFO 14436 --- [restartedMain] o.m.m.g.MvcSpringAjaxApplication         : Starting MvcSpringAjaxApplication on DESKTOP-DCD5LMF with PID 14436 (E:\dev_maia\workspace_java\mvc-spring-ajax-ofertas\target\classes started by dowgl in E:\dev_maia\workspace_java\mvc-spring-ajax-ofertas)
2021-01-02 13:56:50.004  INFO 14436 --- [restartedMain] o.m.m.g.MvcSpringAjaxApplication         : The following profiles are active: dev
2021-01-02 13:56:50.303  INFO 14436 --- [restartedMain] .s.d.r.c.RepositoryConfigurationDelegate : Bootstrapping Spring Data JPA repositories in DEFAULT mode.
2021-01-02 13:56:50.322  INFO 14436 --- [restartedMain] .s.d.r.c.RepositoryConfigurationDelegate : Finished Spring Data repository scanning in 19ms. Found 2 JPA repository interfaces.
2021-01-02 13:56:50.442  INFO 14436 --- [restartedMain] o.s.b.w.embedded.tomcat.TomcatWebServer  : Tomcat initialized with port(s): 8085 (http)
2021-01-02 13:56:50.443  INFO 14436 --- [restartedMain] o.apache.catalina.core.StandardService   : Starting service [Tomcat]
2021-01-02 13:56:50.443  INFO 14436 --- [restartedMain] org.apache.catalina.core.StandardEngine  : Starting Servlet engine: [Apache Tomcat/9.0.37]
2021-01-02 13:56:50.477  INFO 14436 --- [restartedMain] o.a.c.c.C.[Tomcat].[localhost].[/]       : Initializing Spring embedded WebApplicationContext
2021-01-02 13:56:50.477  INFO 14436 --- [restartedMain] o.s.web.context.ContextLoader            : Root WebApplicationContext: initialization completed in 470 ms
2021-01-02 13:56:50.523  INFO 14436 --- [restartedMain] com.zaxxer.hikari.HikariDataSource       : HikariPool-6 - Starting...
2021-01-02 13:56:50.540  INFO 14436 --- [restartedMain] com.zaxxer.hikari.HikariDataSource       : HikariPool-6 - Start completed.
2021-01-02 13:56:50.547  INFO 14436 --- [restartedMain] o.hibernate.jpa.internal.util.LogHelper  : HHH000204: Processing PersistenceUnitInfo [
	name: default
	...]
2021-01-02 13:56:50.562  INFO 14436 --- [restartedMain] org.hibernate.dialect.Dialect            : HHH000400: Using dialect: org.hibernate.dialect.MySQL5Dialect
2021-01-02 13:56:50.602  INFO 14436 --- [restartedMain] j.LocalContainerEntityManagerFactoryBean : Initialized JPA EntityManagerFactory for persistence unit 'default'
2021-01-02 13:56:50.640  INFO 14436 --- [restartedMain] o.h.h.i.QueryTranslatorFactoryInitiator  : HHH000397: Using ASTQueryTranslatorFactory
2021-01-02 13:56:50.724  INFO 14436 --- [restartedMain] o.s.s.concurrent.ThreadPoolTaskExecutor  : Initializing ExecutorService 'applicationTaskExecutor'
2021-01-02 13:56:50.808  INFO 14436 --- [restartedMain] o.s.b.d.a.OptionalLiveReloadServer       : LiveReload server is running on port 35729
2021-01-02 13:56:50.826  INFO 14436 --- [restartedMain] o.s.b.w.embedded.tomcat.TomcatWebServer  : Tomcat started on port(s): 8085 (http) with context path ''
2021-01-02 13:56:50.827  INFO 14436 --- [restartedMain] o.m.m.g.MvcSpringAjaxApplication         : Started MvcSpringAjaxApplication in 0.85 seconds (JVM running for 7895.95)
2021-01-02 13:56:50.830  INFO 14436 --- [restartedMain] .ConditionEvaluationDeltaLoggingListener : Condition evaluation unchanged
2021-01-02 13:57:29.083  INFO 14436 --- [http-nio-8085-exec-1] o.a.c.c.C.[Tomcat].[localhost].[/]       : Initializing Spring DispatcherServlet 'dispatcherServlet'
2021-01-02 13:57:29.086  INFO 14436 --- [http-nio-8085-exec-1] o.s.web.servlet.DispatcherServlet        : Initializing Servlet 'dispatcherServlet'
2021-01-02 13:57:29.096  INFO 14436 --- [http-nio-8085-exec-1] o.s.web.servlet.DispatcherServlet        : Completed initialization in 10 ms
2021-01-02 13:59:56.714  INFO 14436 --- [Thread-33] o.s.s.concurrent.ThreadPoolTaskExecutor  : Shutting down ExecutorService 'applicationTaskExecutor'
2021-01-02 13:59:56.715  INFO 14436 --- [Thread-33] j.LocalContainerEntityManagerFactoryBean : Closing JPA EntityManagerFactory for persistence unit 'default'
2021-01-02 13:59:56.715  INFO 14436 --- [Thread-33] com.zaxxer.hikari.HikariDataSource       : HikariPool-6 - Shutdown initiated...
2021-01-02 13:59:56.734  INFO 14436 --- [Thread-33] com.zaxxer.hikari.HikariDataSource       : HikariPool-6 - Shutdown completed.
2021-01-02 13:59:57.063  INFO 14436 --- [restartedMain] o.m.m.g.MvcSpringAjaxApplication         : Starting MvcSpringAjaxApplication on DESKTOP-DCD5LMF with PID 14436 (E:\dev_maia\workspace_java\mvc-spring-ajax-ofertas\target\classes started by dowgl in E:\dev_maia\workspace_java\mvc-spring-ajax-ofertas)
2021-01-02 13:59:57.063  INFO 14436 --- [restartedMain] o.m.m.g.MvcSpringAjaxApplication         : The following profiles are active: dev
2021-01-02 13:59:57.307  INFO 14436 --- [restartedMain] .s.d.r.c.RepositoryConfigurationDelegate : Bootstrapping Spring Data JPA repositories in DEFAULT mode.
2021-01-02 13:59:57.322  INFO 14436 --- [restartedMain] .s.d.r.c.RepositoryConfigurationDelegate : Finished Spring Data repository scanning in 14ms. Found 2 JPA repository interfaces.
2021-01-02 13:59:57.419  INFO 14436 --- [restartedMain] o.s.b.w.embedded.tomcat.TomcatWebServer  : Tomcat initialized with port(s): 8085 (http)
2021-01-02 13:59:57.420  INFO 14436 --- [restartedMain] o.apache.catalina.core.StandardService   : Starting service [Tomcat]
2021-01-02 13:59:57.421  INFO 14436 --- [restartedMain] org.apache.catalina.core.StandardEngine  : Starting Servlet engine: [Apache Tomcat/9.0.37]
2021-01-02 13:59:57.451  INFO 14436 --- [restartedMain] o.a.c.c.C.[Tomcat].[localhost].[/]       : Initializing Spring embedded WebApplicationContext
2021-01-02 13:59:57.451  INFO 14436 --- [restartedMain] o.s.web.context.ContextLoader            : Root WebApplicationContext: initialization completed in 387 ms
2021-01-02 13:59:57.488  INFO 14436 --- [restartedMain] com.zaxxer.hikari.HikariDataSource       : HikariPool-7 - Starting...
2021-01-02 13:59:57.501  INFO 14436 --- [restartedMain] com.zaxxer.hikari.HikariDataSource       : HikariPool-7 - Start completed.
2021-01-02 13:59:57.506  INFO 14436 --- [restartedMain] o.hibernate.jpa.internal.util.LogHelper  : HHH000204: Processing PersistenceUnitInfo [
	name: default
	...]
2021-01-02 13:59:57.516  INFO 14436 --- [restartedMain] org.hibernate.dialect.Dialect            : HHH000400: Using dialect: org.hibernate.dialect.MySQL5Dialect
2021-01-02 13:59:57.556  INFO 14436 --- [restartedMain] j.LocalContainerEntityManagerFactoryBean : Initialized JPA EntityManagerFactory for persistence unit 'default'
2021-01-02 13:59:57.592  INFO 14436 --- [restartedMain] o.h.h.i.QueryTranslatorFactoryInitiator  : HHH000397: Using ASTQueryTranslatorFactory
2021-01-02 13:59:57.656  INFO 14436 --- [restartedMain] o.s.s.concurrent.ThreadPoolTaskExecutor  : Initializing ExecutorService 'applicationTaskExecutor'
2021-01-02 13:59:57.756  INFO 14436 --- [restartedMain] o.s.b.d.a.OptionalLiveReloadServer       : LiveReload server is running on port 35729
2021-01-02 13:59:57.778  INFO 14436 --- [restartedMain] o.s.b.w.embedded.tomcat.TomcatWebServer  : Tomcat started on port(s): 8085 (http) with context path ''
2021-01-02 13:59:57.778  INFO 14436 --- [restartedMain] o.m.m.g.MvcSpringAjaxApplication         : Started MvcSpringAjaxApplication in 0.745 seconds (JVM running for 8082.901)
2021-01-02 13:59:57.780  INFO 14436 --- [restartedMain] .ConditionEvaluationDeltaLoggingListener : Condition evaluation unchanged
2021-01-02 13:59:57.930  INFO 14436 --- [RMI TCP Connection(169)-127.0.0.1] inMXBeanRegistrar$SpringApplicationAdmin : Application shutdown requested.
2021-01-02 13:59:57.931  INFO 14436 --- [RMI TCP Connection(169)-127.0.0.1] o.s.s.concurrent.ThreadPoolTaskExecutor  : Shutting down ExecutorService 'applicationTaskExecutor'
2021-01-02 13:59:57.932  INFO 14436 --- [RMI TCP Connection(169)-127.0.0.1] j.LocalContainerEntityManagerFactoryBean : Closing JPA EntityManagerFactory for persistence unit 'default'
2021-01-02 13:59:57.932  INFO 14436 --- [RMI TCP Connection(169)-127.0.0.1] com.zaxxer.hikari.HikariDataSource       : HikariPool-7 - Shutdown initiated...
2021-01-02 13:59:57.946  INFO 14436 --- [RMI TCP Connection(169)-127.0.0.1] com.zaxxer.hikari.HikariDataSource       : HikariPool-7 - Shutdown completed.
